  ClrBox.cpp
E:\Desktop\Проекты\PolyGen\PolyGen\ClrBox.cpp(14): warning C4244: =: преобразование "T" в "uint16_t", возможна потеря данных
          with
          [
              T=float
          ]
E:\Desktop\Проекты\PolyGen\PolyGen\ClrBox.cpp(41): warning C4244: аргумент: преобразование "T" в "unsigned int", возможна потеря данных
          with
          [
              T=float
          ]
E:\Desktop\Проекты\PolyGen\PolyGen\ClrBox.cpp(76): warning C4267: инициализация: преобразование из "size_t" в "int"; возможна потеря данных
E:\Desktop\Проекты\PolyGen\PolyGen\ClrBox.cpp(114): warning C4267: инициализация: преобразование из "size_t" в "int"; возможна потеря данных
E:\Desktop\Проекты\PolyGen\PolyGen\ClrBox.cpp(124): warning C4267: =: преобразование из "size_t" в "int"; возможна потеря данных
E:\Desktop\Проекты\PolyGen\PolyGen\ClrBox.cpp(209): warning C4267: +=: преобразование из "size_t" в "uint16_t"; возможна потеря данных
E:\Desktop\Проекты\PolyGen\PolyGen\ClrBox.cpp(220): warning C4267: инициализация: преобразование из "size_t" в "int"; возможна потеря данных
E:\Desktop\Проекты\PolyGen\PolyGen\ClrBox.cpp(227): warning C4267: =: преобразование из "size_t" в "int"; возможна потеря данных
E:\Desktop\Проекты\PolyGen\PolyGen\ClrBox.cpp(240): warning C4244: инициализация: преобразование "T" в "int", возможна потеря данных
          with
          [
              T=float
          ]
  DataBase.cpp
E:\Desktop\Проекты\PolyGen\PolyGen\PxButton.h(9): warning C4305: инициализация: усечение из "double" в "float"
E:\Desktop\Проекты\PolyGen\PolyGen\DataBase.cpp(20): warning C4267: аргумент: преобразование из "size_t" в "uint16_t"; возможна потеря данных
E:\Desktop\Проекты\PolyGen\PolyGen\DataBase.cpp(38): warning C4267: аргумент: преобразование из "size_t" в "uint16_t"; возможна потеря данных
E:\Desktop\Проекты\PolyGen\PolyGen\DataBase.cpp(43): warning C4267: инициализация: преобразование из "size_t" в "int"; возможна потеря данных
E:\Desktop\Проекты\PolyGen\PolyGen\DataBase.cpp(56): warning C4267: аргумент: преобразование из "size_t" в "uint16_t"; возможна потеря данных
E:\Desktop\Проекты\PolyGen\PolyGen\DataBase.cpp(73): warning C4267: =: преобразование из "size_t" в "uint16_t"; возможна потеря данных
E:\Desktop\Проекты\PolyGen\PolyGen\DataBase.cpp(78): warning C4267: инициализация: преобразование из "size_t" в "int"; возможна потеря данных
E:\Desktop\Проекты\PolyGen\PolyGen\DataBase.cpp(79): warning C4267: инициализация: преобразование из "size_t" в "int"; возможна потеря данных
E:\Desktop\Проекты\PolyGen\PolyGen\DataBase.cpp(213): warning C4244: аргумент: преобразование "int" в "float", возможна потеря данных
E:\Desktop\Проекты\PolyGen\PolyGen\DataBase.cpp(250): warning C4244: аргумент: преобразование "float" в "unsigned int", возможна потеря данных
E:\Desktop\Проекты\PolyGen\PolyGen\DataBase.cpp(252): warning C4244: аргумент: преобразование "int" в "float", возможна потеря данных
E:\Desktop\Проекты\PolyGen\PolyGen\DataBase.cpp(253): warning C4244: +=: преобразование "T" в "int", возможна потеря данных
          with
          [
              T=float
          ]
E:\Desktop\Проекты\PolyGen\PolyGen\DataBase.cpp(254): warning C4244: аргумент: преобразование "float" в "unsigned int", возможна потеря данных
E:\Desktop\Проекты\PolyGen\PolyGen\DataBase.cpp(256): warning C4244: аргумент: преобразование "int" в "float", возможна потеря данных
E:\Desktop\Проекты\PolyGen\PolyGen\DataBase.cpp(258): warning C4244: +=: преобразование "const _Ty" в "int", возможна потеря данных
          with
          [
              _Ty=float
          ]
E:\Desktop\Проекты\PolyGen\PolyGen\DataBase.cpp(285): warning C4244: аргумент: преобразование "int" в "T", возможна потеря данных
          with
          [
              T=float
          ]
E:\Desktop\Проекты\PolyGen\PolyGen\DataBase.cpp(289): warning C4244: аргумент: преобразование "int" в "T", возможна потеря данных
          with
          [
              T=float
          ]
E:\Desktop\Проекты\PolyGen\PolyGen\DataBase.cpp(292): warning C4244: аргумент: преобразование "int" в "T", возможна потеря данных
          with
          [
              T=float
          ]
E:\Desktop\Проекты\PolyGen\PolyGen\DataBase.cpp(296): warning C4244: аргумент: преобразование "int" в "T", возможна потеря данных
          with
          [
              T=float
          ]
E:\Desktop\Проекты\PolyGen\PolyGen\DataBase.cpp(297): warning C4244: аргумент: преобразование "int" в "T", возможна потеря данных
          with
          [
              T=float
          ]
E:\Desktop\Проекты\PolyGen\PolyGen\DataBase.cpp(309): warning C4244: аргумент: преобразование "int" в "T", возможна потеря данных
          with
          [
              T=float
          ]
E:\Desktop\Проекты\PolyGen\PolyGen\DataBase.cpp(310): warning C4244: аргумент: преобразование "int" в "T", возможна потеря данных
          with
          [
              T=float
          ]
E:\Desktop\Проекты\PolyGen\PolyGen\DataBase.cpp(311): warning C4244: аргумент: преобразование "int" в "T", возможна потеря данных
          with
          [
              T=float
          ]
E:\Desktop\Проекты\PolyGen\PolyGen\DataBase.cpp(312): warning C4305: аргумент: усечение из "double" в "float"
E:\Desktop\Проекты\PolyGen\PolyGen\DataBase.cpp(313): warning C4244: аргумент: преобразование "int" в "T", возможна потеря данных
          with
          [
              T=float
          ]
E:\Desktop\Проекты\PolyGen\PolyGen\DataBase.cpp(314): warning C4244: аргумент: преобразование "int" в "T", возможна потеря данных
          with
          [
              T=float
          ]
E:\Desktop\Проекты\PolyGen\PolyGen\DataBase.cpp(318): warning C4244: аргумент: преобразование "int" в "T", возможна потеря данных
          with
          [
              T=float
          ]
E:\Desktop\Проекты\PolyGen\PolyGen\DataBase.cpp(328): warning C4244: аргумент: преобразование "int" в "T", возможна потеря данных
          with
          [
              T=float
          ]
E:\Desktop\Проекты\PolyGen\PolyGen\DataBase.cpp(329): warning C4244: аргумент: преобразование "int" в "T", возможна потеря данных
          with
          [
              T=float
          ]
E:\Desktop\Проекты\PolyGen\PolyGen\DataBase.cpp(330): warning C4244: аргумент: преобразование "int" в "T", возможна потеря данных
          with
          [
              T=float
          ]
E:\Desktop\Проекты\PolyGen\PolyGen\DataBase.cpp(332): warning C4244: аргумент: преобразование "int" в "T", возможна потеря данных
          with
          [
              T=float
          ]
E:\Desktop\Проекты\PolyGen\PolyGen\DataBase.cpp(333): warning C4244: аргумент: преобразование "int" в "T", возможна потеря данных
          with
          [
              T=float
          ]
E:\Desktop\Проекты\PolyGen\PolyGen\DataBase.cpp(335): warning C4244: аргумент: преобразование "int" в "T", возможна потеря данных
          with
          [
              T=float
          ]
E:\Desktop\Проекты\PolyGen\PolyGen\DataBase.cpp(340): warning C4244: аргумент: преобразование "int" в "T", возможна потеря данных
          with
          [
              T=float
          ]
E:\Desktop\Проекты\PolyGen\PolyGen\DataBase.cpp(344): warning C4244: аргумент: преобразование "int" в "T", возможна потеря данных
          with
          [
              T=float
          ]
E:\Desktop\Проекты\PolyGen\PolyGen\DataBase.cpp(345): warning C4305: аргумент: усечение из "double" в "float"
E:\Desktop\Проекты\PolyGen\PolyGen\DataBase.cpp(350): warning C4244: аргумент: преобразование "int" в "T", возможна потеря данных
          with
          [
              T=float
          ]
E:\Desktop\Проекты\PolyGen\PolyGen\DataBase.cpp(351): warning C4244: аргумент: преобразование "int" в "T", возможна потеря данных
          with
          [
              T=float
          ]
E:\Desktop\Проекты\PolyGen\PolyGen\DataBase.cpp(357): warning C4244: аргумент: преобразование "int" в "T", возможна потеря данных
          with
          [
              T=float
          ]
E:\Desktop\Проекты\PolyGen\PolyGen\DataBase.cpp(360): warning C4129: P: неизвестная escape-последовательность
E:\Desktop\Проекты\PolyGen\PolyGen\DataBase.cpp(360): warning C4244: аргумент: преобразование "int" в "T", возможна потеря данных
          with
          [
              T=float
          ]
E:\Desktop\Проекты\PolyGen\PolyGen\DataBase.cpp(368): warning C4244: аргумент: преобразование "int" в "T", возможна потеря данных
          with
          [
              T=float
          ]
E:\Desktop\Проекты\PolyGen\PolyGen\DataBase.cpp(368): warning C4244: аргумент: преобразование "int" в "float", возможна потеря данных
E:\Desktop\Проекты\PolyGen\PolyGen\DataBase.cpp(375): warning C4244: аргумент: преобразование "int" в "T", возможна потеря данных
          with
          [
              T=float
          ]
E:\Desktop\Проекты\PolyGen\PolyGen\DataBase.cpp(376): warning C4305: аргумент: усечение из "double" в "float"
E:\Desktop\Проекты\PolyGen\PolyGen\DataBase.cpp(379): warning C4244: аргумент: преобразование "int" в "T", возможна потеря данных
          with
          [
              T=float
          ]
E:\Desktop\Проекты\PolyGen\PolyGen\DataBase.cpp(380): warning C4305: аргумент: усечение из "double" в "float"
E:\Desktop\Проекты\PolyGen\PolyGen\DataBase.cpp(383): warning C4244: аргумент: преобразование "int" в "T", возможна потеря данных
          with
          [
              T=float
          ]
E:\Desktop\Проекты\PolyGen\PolyGen\DataBase.cpp(384): warning C4305: аргумент: усечение из "double" в "float"
E:\Desktop\Проекты\PolyGen\PolyGen\DataBase.cpp(387): warning C4244: аргумент: преобразование "int" в "T", возможна потеря данных
          with
          [
              T=float
          ]
E:\Desktop\Проекты\PolyGen\PolyGen\DataBase.cpp(388): warning C4305: аргумент: усечение из "double" в "float"
E:\Desktop\Проекты\PolyGen\PolyGen\DataBase.cpp(391): warning C4244: аргумент: преобразование "int" в "T", возможна потеря данных
          with
          [
              T=float
          ]
E:\Desktop\Проекты\PolyGen\PolyGen\DataBase.cpp(392): warning C4305: аргумент: усечение из "double" в "float"
E:\Desktop\Проекты\PolyGen\PolyGen\DataBase.cpp(403): warning C4305: аргумент: усечение из "double" в "float"
E:\Desktop\Проекты\PolyGen\PolyGen\DataBase.cpp(407): warning C4305: аргумент: усечение из "double" в "float"
E:\Desktop\Проекты\PolyGen\PolyGen\DataBase.cpp(411): warning C4244: аргумент: преобразование "int" в "T", возможна потеря данных
          with
          [
              T=float
          ]
E:\Desktop\Проекты\PolyGen\PolyGen\DataBase.cpp(412): warning C4305: аргумент: усечение из "double" в "float"
E:\Desktop\Проекты\PolyGen\PolyGen\DataBase.cpp(415): warning C4244: аргумент: преобразование "int" в "T", возможна потеря данных
          with
          [
              T=float
          ]
E:\Desktop\Проекты\PolyGen\PolyGen\DataBase.cpp(416): warning C4305: аргумент: усечение из "double" в "float"
E:\Desktop\Проекты\PolyGen\PolyGen\DataBase.cpp(419): warning C4244: аргумент: преобразование "int" в "T", возможна потеря данных
          with
          [
              T=float
          ]
E:\Desktop\Проекты\PolyGen\PolyGen\DataBase.cpp(420): warning C4305: аргумент: усечение из "double" в "float"
E:\Desktop\Проекты\PolyGen\PolyGen\DataBase.cpp(426): warning C4244: аргумент: преобразование "int" в "T", возможна потеря данных
          with
          [
              T=float
          ]
E:\Desktop\Проекты\PolyGen\PolyGen\DataBase.cpp(427): warning C4305: аргумент: усечение из "double" в "float"
E:\Desktop\Проекты\PolyGen\PolyGen\DataBase.cpp(469): warning C4244: аргумент: преобразование "int" в "float", возможна потеря данных
E:\Desktop\Проекты\PolyGen\PolyGen\DataBase.cpp(471): warning C4244: аргумент: преобразование "int" в "float", возможна потеря данных
E:\Desktop\Проекты\PolyGen\PolyGen\DataBase.cpp(481): warning C4244: аргумент: преобразование "int" в "float", возможна потеря данных
E:\Desktop\Проекты\PolyGen\PolyGen\DataBase.cpp(487): warning C4244: =: преобразование "const _Ty" в "T", возможна потеря данных
          with
          [
              _Ty=int
          ]
          and
          [
              T=float
          ]
E:\Desktop\Проекты\PolyGen\PolyGen\DataBase.cpp(517): warning C4244: инициализация: преобразование "const T" в "int", возможна потеря данных
          with
          [
              T=float
          ]
E:\Desktop\Проекты\PolyGen\PolyGen\DataBase.cpp(518): warning C4244: инициализация: преобразование "const T" в "int", возможна потеря данных
          with
          [
              T=float
          ]
E:\Desktop\Проекты\PolyGen\PolyGen\DataBase.cpp(539): warning C4244: аргумент: преобразование "int" в "T", возможна потеря данных
          with
          [
              T=float
          ]
E:\Desktop\Проекты\PolyGen\PolyGen\DataBase.cpp(542): warning C4244: аргумент: преобразование "int" в "T", возможна потеря данных
          with
          [
              T=float
          ]
E:\Desktop\Проекты\PolyGen\PolyGen\DataBase.cpp(543): warning C4244: аргумент: преобразование "int" в "T", возможна потеря данных
          with
          [
              T=float
          ]
E:\Desktop\Проекты\PolyGen\PolyGen\DataBase.cpp(544): warning C4244: аргумент: преобразование "int" в "float", возможна потеря данных
E:\Desktop\Проекты\PolyGen\PolyGen\DataBase.cpp(547): warning C4244: аргумент: преобразование "int" в "float", возможна потеря данных
E:\Desktop\Проекты\PolyGen\PolyGen\DataBase.cpp(551): warning C4244: аргумент: преобразование "int" в "T", возможна потеря данных
          with
          [
              T=float
          ]
E:\Desktop\Проекты\PolyGen\PolyGen\DataBase.cpp(554): warning C4244: аргумент: преобразование "int" в "float", возможна потеря данных
E:\Desktop\Проекты\PolyGen\PolyGen\DataBase.cpp(555): warning C4244: аргумент: преобразование "int" в "float", возможна потеря данных
E:\Desktop\Проекты\PolyGen\PolyGen\DataBase.cpp(556): warning C4244: аргумент: преобразование "int" в "float", возможна потеря данных
E:\Desktop\Проекты\PolyGen\PolyGen\DataBase.cpp(557): warning C4244: аргумент: преобразование "int" в "float", возможна потеря данных
E:\Desktop\Проекты\PolyGen\PolyGen\DataBase.cpp(558): warning C4244: аргумент: преобразование "int" в "float", возможна потеря данных
E:\Desktop\Проекты\PolyGen\PolyGen\DataBase.cpp(560): warning C4244: аргумент: преобразование "int" в "float", возможна потеря данных
E:\Desktop\Проекты\PolyGen\PolyGen\DataBase.cpp(561): warning C4244: аргумент: преобразование "int" в "float", возможна потеря данных
E:\Desktop\Проекты\PolyGen\PolyGen\DataBase.cpp(562): warning C4244: аргумент: преобразование "int" в "float", возможна потеря данных
E:\Desktop\Проекты\PolyGen\PolyGen\DataBase.cpp(563): warning C4244: аргумент: преобразование "int" в "float", возможна потеря данных
E:\Desktop\Проекты\PolyGen\PolyGen\DataBase.cpp(564): warning C4244: аргумент: преобразование "int" в "float", возможна потеря данных
E:\Desktop\Проекты\PolyGen\PolyGen\DataBase.cpp(568): warning C4244: аргумент: преобразование "int" в "T", возможна потеря данных
          with
          [
              T=float
          ]
E:\Desktop\Проекты\PolyGen\PolyGen\DataBase.cpp(570): warning C4244: аргумент: преобразование "int" в "float", возможна потеря данных
E:\Desktop\Проекты\PolyGen\PolyGen\DataBase.cpp(571): warning C4244: аргумент: преобразование "int" в "float", возможна потеря данных
E:\Desktop\Проекты\PolyGen\PolyGen\DataBase.cpp(572): warning C4244: аргумент: преобразование "int" в "float", возможна потеря данных
E:\Desktop\Проекты\PolyGen\PolyGen\DataBase.cpp(573): warning C4244: аргумент: преобразование "int" в "float", возможна потеря данных
E:\Desktop\Проекты\PolyGen\PolyGen\DataBase.cpp(575): warning C4244: аргумент: преобразование "int" в "float", возможна потеря данных
E:\Desktop\Проекты\PolyGen\PolyGen\DataBase.cpp(576): warning C4244: аргумент: преобразование "int" в "float", возможна потеря данных
E:\Desktop\Проекты\PolyGen\PolyGen\DataBase.cpp(577): warning C4244: аргумент: преобразование "int" в "float", возможна потеря данных
E:\Desktop\Проекты\PolyGen\PolyGen\DataBase.cpp(578): warning C4244: аргумент: преобразование "int" в "float", возможна потеря данных
E:\Desktop\Проекты\PolyGen\PolyGen\DataBase.cpp(579): warning C4244: аргумент: преобразование "int" в "float", возможна потеря данных
E:\Desktop\Проекты\PolyGen\PolyGen\DataBase.cpp(602): warning C4244: аргумент: преобразование "int" в "float", возможна потеря данных
E:\Desktop\Проекты\PolyGen\PolyGen\DataBase.cpp(606): warning C4244: аргумент: преобразование "int" в "float", возможна потеря данных
E:\Desktop\Проекты\PolyGen\PolyGen\DataBase.cpp(611): warning C4244: аргумент: преобразование "int" в "float", возможна потеря данных
E:\Desktop\Проекты\PolyGen\PolyGen\DataBase.cpp(616): warning C4267: +=: преобразование из "size_t" в "int"; возможна потеря данных
E:\Desktop\Проекты\PolyGen\PolyGen\DataBase.cpp(620): warning C4244: аргумент: преобразование "int" в "float", возможна потеря данных
E:\Desktop\Проекты\PolyGen\PolyGen\DataBase.cpp(625): warning C4244: аргумент: преобразование "int" в "float", возможна потеря данных
E:\Desktop\Проекты\PolyGen\PolyGen\DataBase.cpp(626): warning C4244: аргумент: преобразование "int" в "float", возможна потеря данных
E:\Desktop\Проекты\PolyGen\PolyGen\DataBase.cpp(627): warning C4244: аргумент: преобразование "int" в "float", возможна потеря данных
E:\Desktop\Проекты\PolyGen\PolyGen\DataBase.cpp(628): warning C4244: аргумент: преобразование "int" в "float", возможна потеря данных
E:\Desktop\Проекты\PolyGen\PolyGen\DataBase.cpp(629): warning C4244: аргумент: преобразование "int" в "float", возможна потеря данных
E:\Desktop\Проекты\PolyGen\PolyGen\DataBase.cpp(630): warning C4244: аргумент: преобразование "int" в "float", возможна потеря данных
E:\Desktop\Проекты\PolyGen\PolyGen\DataBase.cpp(631): warning C4244: аргумент: преобразование "int" в "float", возможна потеря данных
E:\Desktop\Проекты\PolyGen\PolyGen\DataBase.cpp(632): warning C4244: аргумент: преобразование "int" в "float", возможна потеря данных
E:\Desktop\Проекты\PolyGen\PolyGen\DataBase.cpp(633): warning C4244: аргумент: преобразование "int" в "float", возможна потеря данных
E:\Desktop\Проекты\PolyGen\PolyGen\DataBase.cpp(634): warning C4244: аргумент: преобразование "int" в "float", возможна потеря данных
E:\Desktop\Проекты\PolyGen\PolyGen\DataBase.cpp(635): warning C4244: аргумент: преобразование "int" в "float", возможна потеря данных
E:\Desktop\Проекты\PolyGen\PolyGen\DataBase.cpp(638): warning C4244: аргумент: преобразование "int" в "float", возможна потеря данных
E:\Desktop\Проекты\PolyGen\PolyGen\DataBase.cpp(639): warning C4244: аргумент: преобразование "int" в "float", возможна потеря данных
E:\Desktop\Проекты\PolyGen\PolyGen\DataBase.cpp(640): warning C4244: аргумент: преобразование "int" в "float", возможна потеря данных
E:\Desktop\Проекты\PolyGen\PolyGen\DataBase.cpp(643): warning C4244: аргумент: преобразование "int" в "float", возможна потеря данных
E:\Desktop\Проекты\PolyGen\PolyGen\DataBase.cpp(644): warning C4244: аргумент: преобразование "int" в "float", возможна потеря данных
E:\Desktop\Проекты\PolyGen\PolyGen\DataBase.cpp(645): warning C4244: аргумент: преобразование "int" в "float", возможна потеря данных
E:\Desktop\Проекты\PolyGen\PolyGen\DataBase.cpp(647): warning C4244: аргумент: преобразование "int" в "float", возможна потеря данных
E:\Desktop\Проекты\PolyGen\PolyGen\DataBase.cpp(649): warning C4244: аргумент: преобразование "int" в "float", возможна потеря данных
E:\Desktop\Проекты\PolyGen\PolyGen\DataBase.cpp(650): warning C4244: аргумент: преобразование "int" в "float", возможна потеря данных
E:\Desktop\Проекты\PolyGen\PolyGen\DataBase.cpp(653): warning C4244: аргумент: преобразование "int" в "float", возможна потеря данных
E:\Desktop\Проекты\PolyGen\PolyGen\DataBase.cpp(663): warning C4244: аргумент: преобразование "int" в "float", возможна потеря данных
E:\Desktop\Проекты\PolyGen\PolyGen\DataBase.cpp(665): warning C4244: аргумент: преобразование "int" в "float", возможна потеря данных
E:\Desktop\Проекты\PolyGen\PolyGen\DataBase.cpp(666): warning C4244: аргумент: преобразование "int" в "float", возможна потеря данных
E:\Desktop\Проекты\PolyGen\PolyGen\DataBase.cpp(667): warning C4244: аргумент: преобразование "int" в "float", возможна потеря данных
E:\Desktop\Проекты\PolyGen\PolyGen\DataBase.cpp(668): warning C4244: аргумент: преобразование "int" в "float", возможна потеря данных
E:\Desktop\Проекты\PolyGen\PolyGen\DataBase.cpp(669): warning C4244: аргумент: преобразование "int" в "float", возможна потеря данных
E:\Desktop\Проекты\PolyGen\PolyGen\DataBase.cpp(670): warning C4244: аргумент: преобразование "int" в "float", возможна потеря данных
E:\Desktop\Проекты\PolyGen\PolyGen\DataBase.cpp(672): warning C4244: аргумент: преобразование "int" в "float", возможна потеря данных
E:\Desktop\Проекты\PolyGen\PolyGen\DataBase.cpp(673): warning C4244: аргумент: преобразование "int" в "float", возможна потеря данных
E:\Desktop\Проекты\PolyGen\PolyGen\DataBase.cpp(674): warning C4244: аргумент: преобразование "int" в "float", возможна потеря данных
E:\Desktop\Проекты\PolyGen\PolyGen\DataBase.cpp(675): warning C4244: аргумент: преобразование "int" в "float", возможна потеря данных
E:\Desktop\Проекты\PolyGen\PolyGen\DataBase.cpp(676): warning C4244: аргумент: преобразование "int" в "float", возможна потеря данных
E:\Desktop\Проекты\PolyGen\PolyGen\DataBase.cpp(680): warning C4244: аргумент: преобразование "int" в "float", возможна потеря данных
E:\Desktop\Проекты\PolyGen\PolyGen\DataBase.cpp(681): warning C4244: аргумент: преобразование "int" в "float", возможна потеря данных
E:\Desktop\Проекты\PolyGen\PolyGen\DataBase.cpp(685): warning C4244: аргумент: преобразование "int" в "float", возможна потеря данных
E:\Desktop\Проекты\PolyGen\PolyGen\DataBase.cpp(686): warning C4244: аргумент: преобразование "int" в "float", возможна потеря данных
E:\Desktop\Проекты\PolyGen\PolyGen\DataBase.cpp(687): warning C4244: аргумент: преобразование "int" в "float", возможна потеря данных
E:\Desktop\Проекты\PolyGen\PolyGen\DataBase.cpp(690): warning C4244: аргумент: преобразование "int" в "float", возможна потеря данных
E:\Desktop\Проекты\PolyGen\PolyGen\DataBase.cpp(701): warning C4244: аргумент: преобразование "int" в "float", возможна потеря данных
E:\Desktop\Проекты\PolyGen\PolyGen\DataBase.cpp(703): warning C4244: аргумент: преобразование "int" в "float", возможна потеря данных
E:\Desktop\Проекты\PolyGen\PolyGen\DataBase.cpp(704): warning C4244: аргумент: преобразование "int" в "float", возможна потеря данных
E:\Desktop\Проекты\PolyGen\PolyGen\DataBase.cpp(708): warning C4244: аргумент: преобразование "int" в "float", возможна потеря данных
E:\Desktop\Проекты\PolyGen\PolyGen\DataBase.cpp(714): warning C4244: аргумент: преобразование "int" в "float", возможна потеря данных
E:\Desktop\Проекты\PolyGen\PolyGen\DataBase.cpp(717): warning C4244: аргумент: преобразование "int" в "float", возможна потеря данных
E:\Desktop\Проекты\PolyGen\PolyGen\DataBase.cpp(720): warning C4244: аргумент: преобразование "int" в "float", возможна потеря данных
E:\Desktop\Проекты\PolyGen\PolyGen\DataBase.cpp(723): warning C4244: аргумент: преобразование "int" в "float", возможна потеря данных
E:\Desktop\Проекты\PolyGen\PolyGen\DataBase.cpp(728): warning C4244: аргумент: преобразование "int" в "float", возможна потеря данных
E:\Desktop\Проекты\PolyGen\PolyGen\DataBase.cpp(739): warning C4244: аргумент: преобразование "int" в "float", возможна потеря данных
E:\Desktop\Проекты\PolyGen\PolyGen\DataBase.cpp(775): warning C4244: аргумент: преобразование "int" в "float", возможна потеря данных
E:\Desktop\Проекты\PolyGen\PolyGen\DataBase.cpp(781): warning C4244: аргумент: преобразование "int" в "float", возможна потеря данных
E:\Desktop\Проекты\PolyGen\PolyGen\DataBase.cpp(786): warning C4244: аргумент: преобразование "int" в "float", возможна потеря данных
E:\Desktop\Проекты\PolyGen\PolyGen\DataBase.cpp(793): warning C4244: аргумент: преобразование "int" в "float", возможна потеря данных
E:\Desktop\Проекты\PolyGen\PolyGen\DataBase.cpp(798): warning C4244: аргумент: преобразование "int" в "float", возможна потеря данных
E:\Desktop\Проекты\PolyGen\PolyGen\DataBase.cpp(803): warning C4244: аргумент: преобразование "int" в "float", возможна потеря данных
E:\Desktop\Проекты\PolyGen\PolyGen\DataBase.cpp(824): warning C4244: аргумент: преобразование "int" в "float", возможна потеря данных
E:\Desktop\Проекты\PolyGen\PolyGen\DataBase.cpp(835): warning C4244: инициализация: преобразование "T" в "int", возможна потеря данных
          with
          [
              T=float
          ]
E:\Desktop\Проекты\PolyGen\PolyGen\DataBase.cpp(836): warning C4244: инициализация: преобразование "T" в "int", возможна потеря данных
          with
          [
              T=float
          ]
E:\Desktop\Проекты\PolyGen\PolyGen\DataBase.cpp(837): warning C4244: аргумент: преобразование "int" в "T", возможна потеря данных
          with
          [
              T=float
          ]
E:\Desktop\Проекты\PolyGen\PolyGen\DataBase.cpp(1263): warning C4267: аргумент: преобразование из "size_t" в "uint16_t"; возможна потеря данных
E:\Desktop\Проекты\PolyGen\PolyGen\DataBase.cpp(1284): warning C4267: аргумент: преобразование из "size_t" в "uint16_t"; возможна потеря данных
C:\Program Files (x86)\Microsoft Visual Studio\2019\Professional\VC\Tools\MSVC\14.20.27508\include\xstring(2268): warning C4244: аргумент: преобразование "wchar_t" в "const _Elem", возможна потеря данных
          with
          [
              _Elem=char
          ]
  C:\Program Files (x86)\Microsoft Visual Studio\2019\Professional\VC\Tools\MSVC\14.20.27508\include\xstring(2279): note: выполняется компиляция ссылки на экземпляр шаблон функции "void std::basic_string<char,std::char_traits<char>,std::allocator<char>>::_Construct<wchar_t*>(_Iter,const _Iter,std::input_iterator_tag)"
          with
          [
              _Iter=wchar_t *
          ]
  C:\Program Files (x86)\Microsoft Visual Studio\2019\Professional\VC\Tools\MSVC\14.20.27508\include\xstring(2279): note: выполняется компиляция ссылки на экземпляр шаблон функции "void std::basic_string<char,std::char_traits<char>,std::allocator<char>>::_Construct<wchar_t*>(_Iter,const _Iter,std::input_iterator_tag)"
          with
          [
              _Iter=wchar_t *
          ]
  C:\Program Files (x86)\Microsoft Visual Studio\2019\Professional\VC\Tools\MSVC\14.20.27508\include\xstring(2259): note: выполняется компиляция ссылки на экземпляр шаблон функции "void std::basic_string<char,std::char_traits<char>,std::allocator<char>>::_Construct<wchar_t*>(const _Iter,const _Iter,std::forward_iterator_tag)"
          with
          [
              _Iter=wchar_t *
          ]
  C:\Program Files (x86)\Microsoft Visual Studio\2019\Professional\VC\Tools\MSVC\14.20.27508\include\xstring(2259): note: выполняется компиляция ссылки на экземпляр шаблон функции "void std::basic_string<char,std::char_traits<char>,std::allocator<char>>::_Construct<wchar_t*>(const _Iter,const _Iter,std::forward_iterator_tag)"
          with
          [
              _Iter=wchar_t *
          ]
  E:\Desktop\Проекты\PolyGen\PolyGen\DataBase.cpp(593): note: выполняется компиляция ссылки на экземпляр шаблон функции "std::basic_string<char,std::char_traits<char>,std::allocator<char>>::basic_string<std::_String_iterator<std::_String_val<std::_Simple_types<_Elem>>>,void>(_Iter,_Iter,const _Alloc &)"
          with
          [
              _Elem=wchar_t,
              _Iter=std::_String_iterator<std::_String_val<std::_Simple_types<wchar_t>>>,
              _Alloc=std::allocator<char>
          ]
  E:\Desktop\Проекты\PolyGen\PolyGen\DataBase.cpp(593): note: выполняется компиляция ссылки на экземпляр шаблон функции "std::basic_string<char,std::char_traits<char>,std::allocator<char>>::basic_string<std::_String_iterator<std::_String_val<std::_Simple_types<_Elem>>>,void>(_Iter,_Iter,const _Alloc &)"
          with
          [
              _Elem=wchar_t,
              _Iter=std::_String_iterator<std::_String_val<std::_Simple_types<wchar_t>>>,
              _Alloc=std::allocator<char>
          ]
  GraphMap.cpp
E:\Desktop\Проекты\PolyGen\PolyGen\GraphMap.cpp(10): warning C4305: инициализация: усечение из "double" в "const float"
E:\Desktop\Проекты\PolyGen\PolyGen\GraphMap.cpp(85): warning C4267: инициализация: преобразование из "size_t" в "int"; возможна потеря данных
E:\Desktop\Проекты\PolyGen\PolyGen\GraphMap.cpp(97): warning C4267: инициализация: преобразование из "size_t" в "int"; возможна потеря данных
E:\Desktop\Проекты\PolyGen\PolyGen\GraphMap.cpp(113): warning C4244: =: преобразование "T" в "uint16_t", возможна потеря данных
          with
          [
              T=float
          ]
E:\Desktop\Проекты\PolyGen\PolyGen\GraphMap.cpp(115): warning C4244: инициализация: преобразование "T" в "size_t", возможна потеря данных
          with
          [
              T=float
          ]
E:\Desktop\Проекты\PolyGen\PolyGen\GraphMap.cpp(122): warning C4244: аргумент: преобразование "T" в "size_t", возможна потеря данных
          with
          [
              T=float
          ]
E:\Desktop\Проекты\PolyGen\PolyGen\GraphMap.cpp(122): warning C4267: аргумент: преобразование из "size_t" в "uint16_t"; возможна потеря данных
E:\Desktop\Проекты\PolyGen\PolyGen\GraphMap.cpp(125): warning C4244: инициализация: преобразование "double" в "float", возможна потеря данных
E:\Desktop\Проекты\PolyGen\PolyGen\GraphMap.cpp(127): warning C4244: инициализация: преобразование "_Ty1" в "float", возможна потеря данных
          with
          [
              _Ty1=double
          ]
E:\Desktop\Проекты\PolyGen\PolyGen\GraphMap.cpp(129): warning C4244: аргумент: преобразование "T" в "size_t", возможна потеря данных
          with
          [
              T=float
          ]
E:\Desktop\Проекты\PolyGen\PolyGen\GraphMap.cpp(129): warning C4244: аргумент: преобразование "float" в "uint16_t", возможна потеря данных
E:\Desktop\Проекты\PolyGen\PolyGen\GraphMap.cpp(129): warning C4244: аргумент: преобразование "double" в "uint16_t", возможна потеря данных
E:\Desktop\Проекты\PolyGen\PolyGen\GraphMap.cpp(132): warning C4244: инициализация: преобразование "_Ty2" в "float", возможна потеря данных
          with
          [
              _Ty2=double
          ]
E:\Desktop\Проекты\PolyGen\PolyGen\GraphMap.cpp(133): warning C4244: аргумент: преобразование "T" в "size_t", возможна потеря данных
          with
          [
              T=float
          ]
E:\Desktop\Проекты\PolyGen\PolyGen\GraphMap.cpp(133): warning C4244: аргумент: преобразование "float" в "uint16_t", возможна потеря данных
E:\Desktop\Проекты\PolyGen\PolyGen\GraphMap.cpp(133): warning C4244: аргумент: преобразование "double" в "uint16_t", возможна потеря данных
E:\Desktop\Проекты\PolyGen\PolyGen\GraphMap.cpp(165): warning C4244: аргумент: преобразование "T" в "unsigned int", возможна потеря данных
          with
          [
              T=float
          ]
E:\Desktop\Проекты\PolyGen\PolyGen\GraphMap.cpp(166): warning C4244: аргумент: преобразование "T" в "unsigned int", возможна потеря данных
          with
          [
              T=float
          ]
  MainMap.cpp
E:\Desktop\Проекты\PolyGen\PolyGen\PxButton.h(9): warning C4305: инициализация: усечение из "double" в "float"
E:\Desktop\Проекты\PolyGen\PolyGen\MainMap.h(11): warning C4305: инициализация: усечение из "double" в "const float"
E:\Desktop\Проекты\PolyGen\PolyGen\MainMap.cpp(32): warning C4244: аргумент: преобразование "int" в "T", возможна потеря данных
          with
          [
              T=float
          ]
E:\Desktop\Проекты\PolyGen\PolyGen\MainMap.cpp(33): warning C4244: аргумент: преобразование "int" в "T", возможна потеря данных
          with
          [
              T=float
          ]
E:\Desktop\Проекты\PolyGen\PolyGen\MainMap.cpp(42): warning C4244: аргумент: преобразование "int" в "T", возможна потеря данных
          with
          [
              T=float
          ]
E:\Desktop\Проекты\PolyGen\PolyGen\MainMap.cpp(44): warning C4244: аргумент: преобразование "int" в "T", возможна потеря данных
          with
          [
              T=float
          ]
E:\Desktop\Проекты\PolyGen\PolyGen\MainMap.cpp(46): warning C4244: аргумент: преобразование "int" в "T", возможна потеря данных
          with
          [
              T=float
          ]
E:\Desktop\Проекты\PolyGen\PolyGen\MainMap.cpp(50): warning C4244: аргумент: преобразование "int" в "T", возможна потеря данных
          with
          [
              T=float
          ]
E:\Desktop\Проекты\PolyGen\PolyGen\MainMap.cpp(58): warning C4305: аргумент: усечение из "double" в "float"
E:\Desktop\Проекты\PolyGen\PolyGen\MainMap.cpp(63): warning C4244: аргумент: преобразование "int" в "T", возможна потеря данных
          with
          [
              T=float
          ]
E:\Desktop\Проекты\PolyGen\PolyGen\MainMap.cpp(64): warning C4305: аргумент: усечение из "double" в "float"
E:\Desktop\Проекты\PolyGen\PolyGen\MainMap.cpp(66): warning C4244: аргумент: преобразование "int" в "T", возможна потеря данных
          with
          [
              T=float
          ]
E:\Desktop\Проекты\PolyGen\PolyGen\MainMap.cpp(67): warning C4305: аргумент: усечение из "double" в "float"
E:\Desktop\Проекты\PolyGen\PolyGen\MainMap.cpp(78): warning C4244: аргумент: преобразование "int" в "T", возможна потеря данных
          with
          [
              T=float
          ]
E:\Desktop\Проекты\PolyGen\PolyGen\MainMap.cpp(82): warning C4305: аргумент: усечение из "double" в "float"
E:\Desktop\Проекты\PolyGen\PolyGen\MainMap.cpp(85): warning C4244: аргумент: преобразование "int" в "T", возможна потеря данных
          with
          [
              T=float
          ]
E:\Desktop\Проекты\PolyGen\PolyGen\MainMap.cpp(89): warning C4305: аргумент: усечение из "double" в "float"
E:\Desktop\Проекты\PolyGen\PolyGen\MainMap.cpp(91): warning C4244: аргумент: преобразование "int" в "T", возможна потеря данных
          with
          [
              T=float
          ]
E:\Desktop\Проекты\PolyGen\PolyGen\MainMap.cpp(95): warning C4305: аргумент: усечение из "double" в "float"
E:\Desktop\Проекты\PolyGen\PolyGen\MainMap.cpp(98): warning C4244: аргумент: преобразование "int" в "T", возможна потеря данных
          with
          [
              T=float
          ]
E:\Desktop\Проекты\PolyGen\PolyGen\MainMap.cpp(102): warning C4305: аргумент: усечение из "double" в "float"
E:\Desktop\Проекты\PolyGen\PolyGen\MainMap.cpp(104): warning C4244: аргумент: преобразование "int" в "T", возможна потеря данных
          with
          [
              T=float
          ]
E:\Desktop\Проекты\PolyGen\PolyGen\MainMap.cpp(108): warning C4305: аргумент: усечение из "double" в "float"
E:\Desktop\Проекты\PolyGen\PolyGen\MainMap.cpp(110): warning C4244: аргумент: преобразование "int" в "T", возможна потеря данных
          with
          [
              T=float
          ]
E:\Desktop\Проекты\PolyGen\PolyGen\MainMap.cpp(114): warning C4305: аргумент: усечение из "double" в "float"
E:\Desktop\Проекты\PolyGen\PolyGen\MainMap.cpp(116): warning C4244: аргумент: преобразование "int" в "T", возможна потеря данных
          with
          [
              T=float
          ]
E:\Desktop\Проекты\PolyGen\PolyGen\MainMap.cpp(120): warning C4305: аргумент: усечение из "double" в "float"
E:\Desktop\Проекты\PolyGen\PolyGen\MainMap.cpp(122): warning C4244: аргумент: преобразование "int" в "T", возможна потеря данных
          with
          [
              T=float
          ]
E:\Desktop\Проекты\PolyGen\PolyGen\MainMap.cpp(126): warning C4305: аргумент: усечение из "double" в "float"
E:\Desktop\Проекты\PolyGen\PolyGen\MainMap.cpp(133): warning C4244: аргумент: преобразование "int" в "T", возможна потеря данных
          with
          [
              T=float
          ]
E:\Desktop\Проекты\PolyGen\PolyGen\MainMap.cpp(134): warning C4244: аргумент: преобразование "int" в "T", возможна потеря данных
          with
          [
              T=float
          ]
E:\Desktop\Проекты\PolyGen\PolyGen\MainMap.cpp(137): warning C4244: аргумент: преобразование "int" в "T", возможна потеря данных
          with
          [
              T=float
          ]
E:\Desktop\Проекты\PolyGen\PolyGen\MainMap.cpp(139): warning C4244: аргумент: преобразование "int" в "T", возможна потеря данных
          with
          [
              T=float
          ]
E:\Desktop\Проекты\PolyGen\PolyGen\MainMap.cpp(142): warning C4244: аргумент: преобразование "int" в "T", возможна потеря данных
          with
          [
              T=float
          ]
E:\Desktop\Проекты\PolyGen\PolyGen\MainMap.cpp(144): warning C4244: аргумент: преобразование "int" в "T", возможна потеря данных
          with
          [
              T=float
          ]
E:\Desktop\Проекты\PolyGen\PolyGen\MainMap.cpp(152): warning C4305: аргумент: усечение из "double" в "float"
E:\Desktop\Проекты\PolyGen\PolyGen\MainMap.cpp(156): warning C4244: аргумент: преобразование "int" в "T", возможна потеря данных
          with
          [
              T=float
          ]
E:\Desktop\Проекты\PolyGen\PolyGen\MainMap.cpp(158): warning C4244: аргумент: преобразование "int" в "T", возможна потеря данных
          with
          [
              T=float
          ]
E:\Desktop\Проекты\PolyGen\PolyGen\MainMap.cpp(164): warning C4305: аргумент: усечение из "double" в "float"
E:\Desktop\Проекты\PolyGen\PolyGen\MainMap.cpp(167): warning C4244: аргумент: преобразование "int" в "T", возможна потеря данных
          with
          [
              T=float
          ]
E:\Desktop\Проекты\PolyGen\PolyGen\MainMap.cpp(171): warning C4305: аргумент: усечение из "double" в "float"
E:\Desktop\Проекты\PolyGen\PolyGen\MainMap.cpp(185): warning C4244: аргумент: преобразование "int" в "T", возможна потеря данных
          with
          [
              T=float
          ]
E:\Desktop\Проекты\PolyGen\PolyGen\MainMap.cpp(188): warning C4244: аргумент: преобразование "int" в "T", возможна потеря данных
          with
          [
              T=float
          ]
E:\Desktop\Проекты\PolyGen\PolyGen\MainMap.cpp(189): warning C4244: аргумент: преобразование "int" в "T", возможна потеря данных
          with
          [
              T=float
          ]
E:\Desktop\Проекты\PolyGen\PolyGen\MainMap.cpp(190): warning C4244: аргумент: преобразование "int" в "T", возможна потеря данных
          with
          [
              T=float
          ]
E:\Desktop\Проекты\PolyGen\PolyGen\MainMap.cpp(194): warning C4244: аргумент: преобразование "int" в "T", возможна потеря данных
          with
          [
              T=float
          ]
E:\Desktop\Проекты\PolyGen\PolyGen\MainMap.cpp(200): warning C4244: аргумент: преобразование "int" в "T", возможна потеря данных
          with
          [
              T=float
          ]
E:\Desktop\Проекты\PolyGen\PolyGen\MainMap.cpp(210): warning C4244: аргумент: преобразование "int" в "float", возможна потеря данных
E:\Desktop\Проекты\PolyGen\PolyGen\MainMap.cpp(211): warning C4244: аргумент: преобразование "int" в "float", возможна потеря данных
E:\Desktop\Проекты\PolyGen\PolyGen\MainMap.cpp(212): warning C4244: аргумент: преобразование "int" в "float", возможна потеря данных
E:\Desktop\Проекты\PolyGen\PolyGen\MainMap.cpp(213): warning C4244: аргумент: преобразование "int" в "float", возможна потеря данных
E:\Desktop\Проекты\PolyGen\PolyGen\MainMap.cpp(214): warning C4244: аргумент: преобразование "int" в "float", возможна потеря данных
E:\Desktop\Проекты\PolyGen\PolyGen\MainMap.cpp(215): warning C4244: аргумент: преобразование "int" в "float", возможна потеря данных
E:\Desktop\Проекты\PolyGen\PolyGen\MainMap.cpp(216): warning C4244: аргумент: преобразование "int" в "float", возможна потеря данных
E:\Desktop\Проекты\PolyGen\PolyGen\MainMap.cpp(217): warning C4244: аргумент: преобразование "int" в "float", возможна потеря данных
E:\Desktop\Проекты\PolyGen\PolyGen\MainMap.cpp(224): warning C4244: аргумент: преобразование "int" в "float", возможна потеря данных
E:\Desktop\Проекты\PolyGen\PolyGen\MainMap.cpp(225): warning C4244: аргумент: преобразование "int" в "float", возможна потеря данных
E:\Desktop\Проекты\PolyGen\PolyGen\MainMap.cpp(226): warning C4244: аргумент: преобразование "int" в "float", возможна потеря данных
E:\Desktop\Проекты\PolyGen\PolyGen\MainMap.cpp(231): warning C4244: аргумент: преобразование "int" в "float", возможна потеря данных
E:\Desktop\Проекты\PolyGen\PolyGen\MainMap.cpp(232): warning C4244: аргумент: преобразование "int" в "float", возможна потеря данных
E:\Desktop\Проекты\PolyGen\PolyGen\MainMap.cpp(233): warning C4244: аргумент: преобразование "int" в "float", возможна потеря данных
E:\Desktop\Проекты\PolyGen\PolyGen\MainMap.cpp(236): warning C4244: аргумент: преобразование "int" в "float", возможна потеря данных
E:\Desktop\Проекты\PolyGen\PolyGen\MainMap.cpp(237): warning C4244: аргумент: преобразование "int" в "float", возможна потеря данных
E:\Desktop\Проекты\PolyGen\PolyGen\MainMap.cpp(238): warning C4244: аргумент: преобразование "int" в "float", возможна потеря данных
E:\Desktop\Проекты\PolyGen\PolyGen\MainMap.cpp(239): warning C4244: аргумент: преобразование "int" в "float", возможна потеря данных
E:\Desktop\Проекты\PolyGen\PolyGen\MainMap.cpp(240): warning C4244: аргумент: преобразование "int" в "float", возможна потеря данных
E:\Desktop\Проекты\PolyGen\PolyGen\MainMap.cpp(264): warning C4305: аргумент: усечение из "double" в "float"
E:\Desktop\Проекты\PolyGen\PolyGen\MainMap.cpp(266): warning C4305: аргумент: усечение из "double" в "float"
E:\Desktop\Проекты\PolyGen\PolyGen\MainMap.cpp(289): warning C4244: аргумент: преобразование "int" в "float", возможна потеря данных
E:\Desktop\Проекты\PolyGen\PolyGen\MainMap.cpp(290): warning C4244: аргумент: преобразование "int" в "float", возможна потеря данных
E:\Desktop\Проекты\PolyGen\PolyGen\MainMap.cpp(310): warning C4244: аргумент: преобразование "int" в "float", возможна потеря данных
E:\Desktop\Проекты\PolyGen\PolyGen\MainMap.cpp(340): warning C4244: аргумент: преобразование "int" в "float", возможна потеря данных
E:\Desktop\Проекты\PolyGen\PolyGen\MainMap.cpp(341): warning C4244: аргумент: преобразование "int" в "float", возможна потеря данных
E:\Desktop\Проекты\PolyGen\PolyGen\MainMap.cpp(342): warning C4244: аргумент: преобразование "int" в "float", возможна потеря данных
E:\Desktop\Проекты\PolyGen\PolyGen\MainMap.cpp(343): warning C4244: аргумент: преобразование "int" в "float", возможна потеря данных
E:\Desktop\Проекты\PolyGen\PolyGen\MainMap.cpp(344): warning C4244: аргумент: преобразование "int" в "float", возможна потеря данных
E:\Desktop\Проекты\PolyGen\PolyGen\MainMap.cpp(345): warning C4244: аргумент: преобразование "int" в "float", возможна потеря данных
E:\Desktop\Проекты\PolyGen\PolyGen\MainMap.cpp(346): warning C4244: аргумент: преобразование "int" в "float", возможна потеря данных
E:\Desktop\Проекты\PolyGen\PolyGen\MainMap.cpp(347): warning C4244: аргумент: преобразование "int" в "float", возможна потеря данных
E:\Desktop\Проекты\PolyGen\PolyGen\MainMap.cpp(348): warning C4244: аргумент: преобразование "int" в "float", возможна потеря данных
E:\Desktop\Проекты\PolyGen\PolyGen\MainMap.cpp(349): warning C4244: аргумент: преобразование "int" в "float", возможна потеря данных
E:\Desktop\Проекты\PolyGen\PolyGen\MainMap.cpp(352): warning C4244: аргумент: преобразование "int" в "float", возможна потеря данных
E:\Desktop\Проекты\PolyGen\PolyGen\MainMap.cpp(353): warning C4244: аргумент: преобразование "int" в "float", возможна потеря данных
E:\Desktop\Проекты\PolyGen\PolyGen\MainMap.cpp(354): warning C4244: аргумент: преобразование "int" в "float", возможна потеря данных
E:\Desktop\Проекты\PolyGen\PolyGen\MainMap.cpp(355): warning C4244: аргумент: преобразование "int" в "float", возможна потеря данных
E:\Desktop\Проекты\PolyGen\PolyGen\MainMap.cpp(356): warning C4244: аргумент: преобразование "int" в "float", возможна потеря данных
E:\Desktop\Проекты\PolyGen\PolyGen\MainMap.cpp(357): warning C4244: аргумент: преобразование "int" в "float", возможна потеря данных
E:\Desktop\Проекты\PolyGen\PolyGen\MainMap.cpp(358): warning C4244: аргумент: преобразование "int" в "float", возможна потеря данных
E:\Desktop\Проекты\PolyGen\PolyGen\MainMap.cpp(363): warning C4244: аргумент: преобразование "int" в "float", возможна потеря данных
E:\Desktop\Проекты\PolyGen\PolyGen\MainMap.cpp(364): warning C4244: аргумент: преобразование "int" в "float", возможна потеря данных
E:\Desktop\Проекты\PolyGen\PolyGen\MainMap.cpp(365): warning C4244: аргумент: преобразование "int" в "float", возможна потеря данных
E:\Desktop\Проекты\PolyGen\PolyGen\MainMap.cpp(367): warning C4244: инициализация: преобразование "T" в "int", возможна потеря данных
          with
          [
              T=float
          ]
E:\Desktop\Проекты\PolyGen\PolyGen\MainMap.cpp(383): warning C4244: аргумент: преобразование "int" в "float", возможна потеря данных
E:\Desktop\Проекты\PolyGen\PolyGen\MainMap.cpp(384): warning C4244: аргумент: преобразование "int" в "float", возможна потеря данных
E:\Desktop\Проекты\PolyGen\PolyGen\MainMap.cpp(385): warning C4244: аргумент: преобразование "int" в "float", возможна потеря данных
E:\Desktop\Проекты\PolyGen\PolyGen\MainMap.cpp(386): warning C4244: аргумент: преобразование "int" в "float", возможна потеря данных
E:\Desktop\Проекты\PolyGen\PolyGen\MainMap.cpp(387): warning C4244: аргумент: преобразование "int" в "float", возможна потеря данных
E:\Desktop\Проекты\PolyGen\PolyGen\MainMap.cpp(388): warning C4244: аргумент: преобразование "int" в "float", возможна потеря данных
E:\Desktop\Проекты\PolyGen\PolyGen\MainMap.cpp(389): warning C4244: аргумент: преобразование "int" в "float", возможна потеря данных
E:\Desktop\Проекты\PolyGen\PolyGen\MainMap.cpp(390): warning C4244: аргумент: преобразование "int" в "float", возможна потеря данных
E:\Desktop\Проекты\PolyGen\PolyGen\MainMap.cpp(391): warning C4244: аргумент: преобразование "int" в "float", возможна потеря данных
E:\Desktop\Проекты\PolyGen\PolyGen\MainMap.cpp(394): warning C4244: аргумент: преобразование "int" в "float", возможна потеря данных
E:\Desktop\Проекты\PolyGen\PolyGen\MainMap.cpp(395): warning C4244: аргумент: преобразование "int" в "float", возможна потеря данных
E:\Desktop\Проекты\PolyGen\PolyGen\MainMap.cpp(396): warning C4244: аргумент: преобразование "int" в "float", возможна потеря данных
E:\Desktop\Проекты\PolyGen\PolyGen\MainMap.cpp(397): warning C4244: аргумент: преобразование "int" в "float", возможна потеря данных
E:\Desktop\Проекты\PolyGen\PolyGen\MainMap.cpp(398): warning C4244: аргумент: преобразование "int" в "float", возможна потеря данных
E:\Desktop\Проекты\PolyGen\PolyGen\MainMap.cpp(403): warning C4244: аргумент: преобразование "int" в "float", возможна потеря данных
E:\Desktop\Проекты\PolyGen\PolyGen\MainMap.cpp(404): warning C4244: аргумент: преобразование "int" в "float", возможна потеря данных
E:\Desktop\Проекты\PolyGen\PolyGen\MainMap.cpp(414): warning C4244: аргумент: преобразование "int" в "float", возможна потеря данных
E:\Desktop\Проекты\PolyGen\PolyGen\MainMap.cpp(418): warning C4244: =: преобразование "const _Ty" в "T", возможна потеря данных
          with
          [
              _Ty=unsigned __int64
          ]
          and
          [
              T=float
          ]
E:\Desktop\Проекты\PolyGen\PolyGen\MainMap.cpp(420): warning C4244: аргумент: преобразование "int" в "float", возможна потеря данных
E:\Desktop\Проекты\PolyGen\PolyGen\MainMap.cpp(424): warning C4244: аргумент: преобразование "int" в "float", возможна потеря данных
E:\Desktop\Проекты\PolyGen\PolyGen\MainMap.cpp(426): warning C4244: аргумент: преобразование "int" в "float", возможна потеря данных
E:\Desktop\Проекты\PolyGen\PolyGen\MainMap.cpp(428): warning C4244: аргумент: преобразование "int" в "float", возможна потеря данных
E:\Desktop\Проекты\PolyGen\PolyGen\MainMap.cpp(430): warning C4244: аргумент: преобразование "int" в "float", возможна потеря данных
E:\Desktop\Проекты\PolyGen\PolyGen\MainMap.cpp(432): warning C4244: аргумент: преобразование "int" в "float", возможна потеря данных
E:\Desktop\Проекты\PolyGen\PolyGen\MainMap.cpp(434): warning C4244: аргумент: преобразование "int" в "float", возможна потеря данных
E:\Desktop\Проекты\PolyGen\PolyGen\MainMap.cpp(436): warning C4244: аргумент: преобразование "int" в "float", возможна потеря данных
E:\Desktop\Проекты\PolyGen\PolyGen\MainMap.cpp(471): warning C4244: аргумент: преобразование "int" в "float", возможна потеря данных
E:\Desktop\Проекты\PolyGen\PolyGen\MainMap.cpp(480): warning C4244: аргумент: преобразование "int" в "float", возможна потеря данных
E:\Desktop\Проекты\PolyGen\PolyGen\MainMap.cpp(484): warning C4244: аргумент: преобразование "int" в "float", возможна потеря данных
E:\Desktop\Проекты\PolyGen\PolyGen\MainMap.cpp(510): warning C4244: аргумент: преобразование "int" в "float", возможна потеря данных
E:\Desktop\Проекты\PolyGen\PolyGen\MainMap.cpp(521): warning C4244: аргумент: преобразование "int" в "float", возможна потеря данных
E:\Desktop\Проекты\PolyGen\PolyGen\MainMap.cpp(536): warning C4244: аргумент: преобразование "int" в "float", возможна потеря данных
E:\Desktop\Проекты\PolyGen\PolyGen\MainMap.cpp(547): warning C4244: аргумент: преобразование "int" в "float", возможна потеря данных
E:\Desktop\Проекты\PolyGen\PolyGen\MainMap.cpp(596): warning C4244: аргумент: преобразование "int" в "T", возможна потеря данных
          with
          [
              T=float
          ]
E:\Desktop\Проекты\PolyGen\PolyGen\MainMap.cpp(597): warning C4244: аргумент: преобразование "int" в "T", возможна потеря данных
          with
          [
              T=float
          ]
E:\Desktop\Проекты\PolyGen\PolyGen\MainMap.cpp(598): warning C4244: аргумент: преобразование "int" в "T", возможна потеря данных
          with
          [
              T=float
          ]
E:\Desktop\Проекты\PolyGen\PolyGen\MainMap.cpp(603): warning C4244: аргумент: преобразование "int" в "float", возможна потеря данных
E:\Desktop\Проекты\PolyGen\PolyGen\MainMap.cpp(604): warning C4244: аргумент: преобразование "int" в "float", возможна потеря данных
E:\Desktop\Проекты\PolyGen\PolyGen\MainMap.cpp(606): warning C4244: =: преобразование "int" в "T", возможна потеря данных
          with
          [
              T=float
          ]
E:\Desktop\Проекты\PolyGen\PolyGen\MainMap.cpp(611): warning C4244: =: преобразование "int" в "T", возможна потеря данных
          with
          [
              T=float
          ]
E:\Desktop\Проекты\PolyGen\PolyGen\MainMap.cpp(612): warning C4244: =: преобразование "int" в "T", возможна потеря данных
          with
          [
              T=float
          ]
E:\Desktop\Проекты\PolyGen\PolyGen\MainMap.cpp(613): warning C4244: =: преобразование "int" в "T", возможна потеря данных
          with
          [
              T=float
          ]
E:\Desktop\Проекты\PolyGen\PolyGen\MainMap.cpp(614): warning C4244: =: преобразование "int" в "T", возможна потеря данных
          with
          [
              T=float
          ]
E:\Desktop\Проекты\PolyGen\PolyGen\MainMap.cpp(617): warning C4244: аргумент: преобразование "int" в "T", возможна потеря данных
          with
          [
              T=float
          ]
E:\Desktop\Проекты\PolyGen\PolyGen\MainMap.cpp(618): warning C4244: аргумент: преобразование "int" в "T", возможна потеря данных
          with
          [
              T=float
          ]
E:\Desktop\Проекты\PolyGen\PolyGen\MainMap.cpp(619): warning C4244: аргумент: преобразование "int" в "T", возможна потеря данных
          with
          [
              T=float
          ]
E:\Desktop\Проекты\PolyGen\PolyGen\MainMap.cpp(621): warning C4244: аргумент: преобразование "int" в "T", возможна потеря данных
          with
          [
              T=float
          ]
E:\Desktop\Проекты\PolyGen\PolyGen\MainMap.cpp(628): warning C4244: =: преобразование "int" в "T", возможна потеря данных
          with
          [
              T=float
          ]
E:\Desktop\Проекты\PolyGen\PolyGen\MainMap.cpp(635): warning C4244: аргумент: преобразование "int" в "float", возможна потеря данных
E:\Desktop\Проекты\PolyGen\PolyGen\MainMap.cpp(805): warning C4244: =: преобразование "int" в "T", возможна потеря данных
          with
          [
              T=float
          ]
E:\Desktop\Проекты\PolyGen\PolyGen\MainMap.cpp(811): warning C4267: инициализация: преобразование из "size_t" в "int"; возможна потеря данных
E:\Desktop\Проекты\PolyGen\PolyGen\MainMap.cpp(818): warning C4267: инициализация: преобразование из "size_t" в "int"; возможна потеря данных
E:\Desktop\Проекты\PolyGen\PolyGen\MainMap.cpp(820): warning C4267: инициализация: преобразование из "size_t" в "int"; возможна потеря данных
  ownUtilities.cpp
E:\Desktop\Проекты\PolyGen\PolyGen\ownUtilities.cpp(16): warning C4244: аргумент: преобразование "T" в "unsigned int", возможна потеря данных
          with
          [
              T=float
          ]
E:\Desktop\Проекты\PolyGen\PolyGen\ownUtilities.cpp(23): warning C4244: инициализация: преобразование "T" в "int", возможна потеря данных
          with
          [
              T=float
          ]
E:\Desktop\Проекты\PolyGen\PolyGen\ownUtilities.cpp(24): warning C4244: инициализация: преобразование "T" в "int", возможна потеря данных
          with
          [
              T=float
          ]
E:\Desktop\Проекты\PolyGen\PolyGen\ownUtilities.cpp(38): warning C4244: аргумент: преобразование "T" в "unsigned int", возможна потеря данных
          with
          [
              T=float
          ]
E:\Desktop\Проекты\PolyGen\PolyGen\ownUtilities.cpp(43): warning C4244: аргумент: преобразование "T" в "unsigned int", возможна потеря данных
          with
          [
              T=float
          ]
  PolyGen.cpp
E:\Desktop\Проекты\PolyGen\PolyGen\PxButton.h(9): warning C4305: инициализация: усечение из "double" в "float"
E:\Desktop\Проекты\PolyGen\PolyGen\MainMap.h(11): warning C4305: инициализация: усечение из "double" в "const float"
E:\Desktop\Проекты\PolyGen\PolyGen\PolyGen.cpp(105): warning C4244: аргумент: преобразование "T" в "uint16_t", возможна потеря данных
          with
          [
              T=float
          ]
E:\Desktop\Проекты\PolyGen\PolyGen\PolyGen.cpp(126): warning C4244: =: преобразование "unsigned int" в "T", возможна потеря данных
          with
          [
              T=float
          ]
E:\Desktop\Проекты\PolyGen\PolyGen\PolyGen.cpp(127): warning C4244: =: преобразование "unsigned int" в "T", возможна потеря данных
          with
          [
              T=float
          ]
E:\Desktop\Проекты\PolyGen\PolyGen\PolyGen.cpp(143): warning C4244: =: преобразование "int" в "float", возможна потеря данных
E:\Desktop\Проекты\PolyGen\PolyGen\PolyGen.cpp(144): warning C4244: =: преобразование "int" в "float", возможна потеря данных
E:\Desktop\Проекты\PolyGen\PolyGen\PolyGen.cpp(150): warning C4244: =: преобразование "int" в "float", возможна потеря данных
E:\Desktop\Проекты\PolyGen\PolyGen\PolyGen.cpp(151): warning C4244: =: преобразование "int" в "float", возможна потеря данных
E:\Desktop\Проекты\PolyGen\PolyGen\PolyGen.cpp(155): warning C4244: =: преобразование "int" в "float", возможна потеря данных
E:\Desktop\Проекты\PolyGen\PolyGen\PolyGen.cpp(156): warning C4244: =: преобразование "int" в "float", возможна потеря данных
E:\Desktop\Проекты\PolyGen\PolyGen\PolyGen.cpp(167): warning C4244: =: преобразование "int" в "float", возможна потеря данных
E:\Desktop\Проекты\PolyGen\PolyGen\PolyGen.cpp(168): warning C4244: =: преобразование "int" в "float", возможна потеря данных
E:\Desktop\Проекты\PolyGen\PolyGen\PolyGen.cpp(203): warning C4244: =: преобразование "int" в "float", возможна потеря данных
E:\Desktop\Проекты\PolyGen\PolyGen\PolyGen.cpp(204): warning C4244: =: преобразование "int" в "float", возможна потеря данных
  PxButton.cpp
E:\Desktop\Проекты\PolyGen\PolyGen\PxButton.h(9): warning C4305: инициализация: усечение из "double" в "float"
E:\Desktop\Проекты\PolyGen\PolyGen\PxButton.cpp(19): warning C4244: инициализация: преобразование "float" в "uint16_t", возможна потеря данных
E:\Desktop\Проекты\PolyGen\PolyGen\PxButton.cpp(39): warning C4244: =: преобразование "float" в "sf::Uint8", возможна потеря данных
E:\Desktop\Проекты\PolyGen\PolyGen\PxButton.cpp(40): warning C4244: =: преобразование "float" в "sf::Uint8", возможна потеря данных
E:\Desktop\Проекты\PolyGen\PolyGen\PxButton.cpp(41): warning C4244: =: преобразование "float" в "sf::Uint8", возможна потеря данных
E:\Desktop\Проекты\PolyGen\PolyGen\PxButton.cpp(43): warning C4244: =: преобразование "float" в "sf::Uint8", возможна потеря данных
E:\Desktop\Проекты\PolyGen\PolyGen\PxButton.cpp(44): warning C4244: =: преобразование "float" в "sf::Uint8", возможна потеря данных
E:\Desktop\Проекты\PolyGen\PolyGen\PxButton.cpp(45): warning C4244: =: преобразование "float" в "sf::Uint8", возможна потеря данных
E:\Desktop\Проекты\PolyGen\PolyGen\PxButton.cpp(47): warning C4244: =: преобразование "float" в "sf::Uint8", возможна потеря данных
E:\Desktop\Проекты\PolyGen\PolyGen\PxButton.cpp(48): warning C4244: =: преобразование "float" в "sf::Uint8", возможна потеря данных
E:\Desktop\Проекты\PolyGen\PolyGen\PxButton.cpp(49): warning C4244: =: преобразование "float" в "sf::Uint8", возможна потеря данных
E:\Desktop\Проекты\PolyGen\PolyGen\PxButton.cpp(75): warning C4267: аргумент: преобразование из "size_t" в "unsigned int"; возможна потеря данных
  ScrollWindow.cpp
E:\Desktop\Проекты\PolyGen\PolyGen\PxButton.h(9): warning C4305: инициализация: усечение из "double" в "float"
E:\Desktop\Проекты\PolyGen\PolyGen\ScrollWindow.cpp(18): warning C4244: аргумент: преобразование "T" в "unsigned int", возможна потеря данных
          with
          [
              T=float
          ]
E:\Desktop\Проекты\PolyGen\PolyGen\ScrollWindow.cpp(130): warning C4244: аргумент: преобразование "double" в "T", возможна потеря данных
          with
          [
              T=float
          ]
E:\Desktop\Проекты\PolyGen\PolyGen\ScrollWindow.cpp(158): warning C4244: аргумент: преобразование "double" в "T", возможна потеря данных
          with
          [
              T=float
          ]
  TextBox.cpp
E:\Desktop\Проекты\PolyGen\PolyGen\TextBox.cpp(15): warning C4244: =: преобразование "T" в "uint16_t", возможна потеря данных
          with
          [
              T=float
          ]
E:\Desktop\Проекты\PolyGen\PolyGen\TextBox.cpp(80): warning C4244: аргумент: преобразование "double" в "T", возможна потеря данных
          with
          [
              T=float
          ]
E:\Desktop\Проекты\PolyGen\PolyGen\TextBox.cpp(92): warning C4244: аргумент: преобразование "double" в "T", возможна потеря данных
          with
          [
              T=float
          ]
E:\Desktop\Проекты\PolyGen\PolyGen\TextBox.cpp(115): warning C4267: инициализация: преобразование из "size_t" в "int"; возможна потеря данных
E:\Desktop\Проекты\PolyGen\PolyGen\TextBox.cpp(125): warning C4267: =: преобразование из "size_t" в "int"; возможна потеря данных
  Создание кода
E:\Desktop\Проекты\PolyGen\PolyGen\ScrollWindow.cpp(200): warning C4715: ScrollWindow::openFile: значение возвращается не при всех путях выполнения
  1433 of 1446 functions (99.1%) were compiled, the rest were copied from previous compilation.
    26 functions were new in current compilation
    0 functions had inline decision re-evaluated but remain unchanged
  Создание кода завершено
  PolyGen.vcxproj -> E:\Desktop\Проекты\PolyGen\x64\Release\PolyGen.exe
